"../../../Engine/Content/ArtTools/RenderToTexture/Enums/RenderToTexture_Enum.uasset" 0
"../../../Engine/Content/ArtTools/RenderToTexture/Enums/RenderToTexture_Flipbook_Enum.uasset" 1
"../../../Engine/Content/ArtTools/RenderToTexture/Enums/RenderToTexture_Imposter_Enum.uasset" 2
"../../../Engine/Content/ArtTools/RenderToTexture/Enums/EIntTypes.uasset" 3
"../../../Engine/Content/EditorBlueprintResources/StandardMacros.uasset" 4
"../../../Engine/Content/ArtTools/RenderToTexture/Macros/RenderToTextureFunctionLibrary.uasset" 5
"../../../Engine/Content/ArtTools/RenderToTexture/Enums/EFloatTypes.uasset" 6
"../../../Engine/Content/ArtTools/RenderToTexture/Macros/RenderToTextureMacros.uasset" 7
"../../../Engine/Content/EngineMaterials/T_Default_Material_Grid_N.uasset" 8
"../../../Engine/Content/EngineMaterials/T_Default_Material_Grid_M.uasset" 9
"../../../Engine/Content/Functions/Engine_MaterialFunctions01/Opacity/CameraDepthFade.uasset" 10
"../../../Engine/Content/EngineMaterials/WorldGridMaterial.uasset" 11
"../../../Engine/Content/ArtTools/RenderToTexture/Meshes/S_1_Unit_Plane.uasset" 12
"../../../Engine/Content/EngineMaterials/DefaultMaterial.uasset" 13
"../../../Engine/Content/BasicShapes/Cone.uasset" 14
"../../../Engine/Content/BasicShapes/Cube.uasset" 15
"../../../Engine/Content/BasicShapes/Plane.uasset" 16
"../../../Engine/Content/BasicShapes/Sphere.uasset" 17
"../../../Engine/Content/EngineMaterials/DefaultPhysicalMaterial.uasset" 18
"../../../Engine/Content/BufferVisualization/AmbientOcclusion.uasset" 19
"../../../Engine/Content/Functions/Engine_MaterialFunctions02/Utility/AppendMany.uasset" 20
"../../../Engine/Content/BufferVisualization/Anisotropy.uasset" 21
"../../../Engine/Content/BufferVisualization/BaseColor.uasset" 22
"../../../Engine/Content/BufferVisualization/CustomDepth.uasset" 23
"../../../Engine/Content/Functions/Engine_MaterialFunctions02/Utility/VectorLength.uasset" 24
"../../../Engine/Content/BufferVisualization/CustomDepthWorldUnits.uasset" 25
"../../../Engine/Content/EngineMaterials/MiniFont.uasset" 26
"../../../Engine/Content/Functions/Engine_MaterialFunctions02/Utility/MakeFloat3.uasset" 27
"../../../Engine/Content/Functions/Engine_MaterialFunctions02/Utility/MakeFloat2.uasset" 28
"../../../Engine/Content/Functions/Engine_MaterialFunctions02/ScreenResolution.uasset" 29
"../../../Engine/Content/Functions/Engine_MaterialFunctions02/Utility/BreakOutFloat2Components.uasset" 30
"../../../Engine/Content/Functions/Engine_MaterialFunctions01/Texturing/ScaleUVsByCenter.uasset" 31
"../../../Engine/Content/Functions/Engine_MaterialFunctions02/Texturing/ScreenAlignedUVs.uasset" 32
"../../../Engine/Content/BufferVisualization/CustomStencil.uasset" 33
"../../../Engine/Content/BufferVisualization/FinalImage.uasset" 34
"../../../Engine/Content/BufferVisualization/LightingModel.uasset" 35
"../../../Engine/Content/BufferVisualization/MaterialAO.uasset" 36
"../../../Engine/Content/BufferVisualization/Metallic.uasset" 37
"../../../Engine/Content/BufferVisualization/Opacity.uasset" 38
"../../../Engine/Content/BufferVisualization/PostTonemapHDRColor.uasset" 39
"../../../Engine/Content/BufferVisualization/PreTonemapHDRColor.uasset" 40
"../../../Engine/Content/BufferVisualization/Roughness.uasset" 41
"../../../Engine/Content/BufferVisualization/SceneColor.uasset" 42
"../../../Engine/Content/BufferVisualization/SceneDepth.uasset" 43
"../../../Engine/Content/BufferVisualization/SceneDepthWorldUnits.uasset" 44
"../../../Engine/Content/BufferVisualization/SeparateTranslucencyA.uasset" 45
"../../../Engine/Content/BufferVisualization/SeparateTranslucencyRGB.uasset" 46
"../../../Engine/Content/BufferVisualization/Specular.uasset" 47
"../../../Engine/Content/BufferVisualization/SubsurfaceColor.uasset" 48
"../../../Engine/Content/BufferVisualization/Velocity.uasset" 49
"../../../Engine/Content/BufferVisualization/WorldNormal.uasset" 50
"../../../Engine/Content/BufferVisualization/WorldTangent.uasset" 51
"../../../Engine/Content/EditorBlueprintResources/ActorMacros.uasset" 52
"../../../Engine/Content/EditorLandscapeResources/DataLayer.uasset" 53
"../../../Engine/Content/EditorLandscapeResources/DefaultAlphaTexture.uasset" 54
"../../../Engine/Content/EditorLandscapeResources/LandscapeGizmoHeight_Mat.uasset" 55
"../../../Engine/Content/EditorLandscapeResources/LandscapeGizmo_Mat.uasset" 56
"../../../Engine/Content/EditorLandscapeResources/LandscapeGizmo_Mat_Copied.uasset" 57
"../../../Engine/Content/EditorLandscapeResources/SplineEditorMeshMat.uasset" 58
"../../../Engine/Content/EditorLandscapeResources/SplineEditorMesh.uasset" 59
"../../../Engine/Content/EditorMaterials/Cross.uasset" 60
"../../../Engine/Content/EditorMaterials/Cross_Mat.uasset" 61
"../../../Engine/Content/EditorResources/T_EditorHelp.uasset" 62
"../../../Engine/Content/Functions/Engine_MaterialFunctions02/Utility/Sign.uasset" 63
"../../../Engine/Content/Functions/Engine_MaterialFunctions02/Utility/Round.uasset" 64
"../../../Engine/Content/Functions/Engine_MaterialFunctions02/ExampleContent/Textures/DebugNumberPeriod.uasset" 65
"../../../Engine/Content/Functions/Engine_MaterialFunctions02/ExampleContent/DebugNumberStrip.uasset" 66
"../../../Engine/Content/EngineMaterials/DefaultDiffuse.uasset" 67
"../../../Engine/Content/Functions/Engine_MaterialFunctions01/Texturing/TextureCropping.uasset" 68
"../../../Engine/Content/Functions/Engine_MaterialFunctions01/Texturing/ComputeMipLevel.uasset" 69
"../../../Engine/Content/Functions/Engine_MaterialFunctions02/Utility/DebugScalarValues.uasset" 70
"../../../Engine/Content/Functions/Engine_MaterialFunctions02/Utility/DebugFloat2Values.uasset" 71
"../../../Engine/Content/Functions/Engine_MaterialFunctions02/ExampleContent/Textures/flipbook.uasset" 72
"../../../Engine/Content/Functions/Engine_MaterialFunctions02/Texturing/FlipBook.uasset" 73
"../../../Engine/Content/EditorMaterials/HelpActorMaterial.uasset" 74
"../../../Engine/Content/Functions/Engine_MaterialFunctions03/Procedurals/ComputeFilterWidth.uasset" 75
"../../../Engine/Content/EngineMaterials/BlendFunc_DefBlend.uasset" 76
"../../../Engine/Content/EngineMaterials/BlendFunc_DefBase.uasset" 77
"../../../Engine/Content/Functions/Engine_MaterialFunctions03/Blends/Blend_Screen.uasset" 78
"../../../Engine/Content/EditorMaterials/TilingAALineIntegral.uasset" 79
"../../../Engine/Content/EditorMaterials/TilingAALineBoxFiltered.uasset" 80
"../../../Engine/Content/EditorMaterials/TilingAAGrid.uasset" 81
"../../../Engine/Content/EditorMaterials/TilingAADots.uasset" 82
"../../../Engine/Content/EditorMaterials/CompositeARGBLayer.uasset" 83
"../../../Engine/Content/EditorMaterials/LevelGridMaterial.uasset" 84
"../../../Engine/Content/EditorResources/LevelGrid1DStripes.uasset" 85
"../../../Engine/Content/EditorMaterials/TextureGridCascaded1D.uasset" 86
"../../../Engine/Content/EditorMaterials/TextureGridCascaded2D.uasset" 87
"../../../Engine/Content/EditorMaterials/MakeCompositeARGBLayer.uasset" 88
"../../../Engine/Content/EditorMaterials/LevelGridMaterial2.uasset" 89
"../../../Engine/Content/EditorMaterials/MAT_Groups_Toggle.uasset" 90
"../../../Engine/Content/EditorMaterials/MAT_Groups_Visibility.uasset" 91
"../../../Engine/Content/EngineMaterials/Grid.uasset" 92
"../../../Engine/Content/EditorResources/TilePatine_N.uasset" 93
"../../../Engine/Content/EditorResources/TilePatine_D.uasset" 94
"../../../Engine/Content/EditorMaterials/AntialiasedGridFloor.uasset" 95
"../../../Engine/Content/EditorMaterials/PersonaFloorMat.uasset" 96
"../../../Engine/Content/EditorMaterials/PhAT_BoneSelectedMaterial.uasset" 97
"../../../Engine/Content/EditorMaterials/PhAT_ElemSelectedMaterial.uasset" 98
"../../../Engine/Content/EditorMaterials/PhAT_NoCollisionMaterial.uasset" 99
"../../../Engine/Content/EditorMaterials/PhAT_UnselectedMaterial.uasset" 100
"../../../Engine/Content/EditorMaterials/PreviewShadowIndicator.uasset" 101
"../../../Engine/Content/EditorMaterials/PreviewShadowIndicatorMaterial.uasset" 102
"../../../Engine/Content/EditorMaterials/TargetIcon.uasset" 103
"../../../Engine/Content/EditorMaterials/Tick.uasset" 104
"../../../Engine/Content/EditorMaterials/Tick_Mat.uasset" 105
"../../../Engine/Content/EditorMaterials/WidgetGridVertexColorMaterial.uasset" 106
"../../../Engine/Content/EditorMaterials/WidgetGridVertexColorMaterial_Ma.uasset" 107
"../../../Engine/Content/EditorMaterials/WidgetMaterial.uasset" 108
"../../../Engine/Content/EditorMaterials/WidgetMaterial_Current.uasset" 109
"../../../Engine/Content/EditorMaterials/WidgetMaterial_X.uasset" 110
"../../../Engine/Content/EditorMaterials/WidgetMaterial_Y.uasset" 111
"../../../Engine/Content/EditorMaterials/WidgetMaterial_Z.uasset" 112
"../../../Engine/Content/EditorMaterials/WidgetVertexColorMaterial.uasset" 113
"../../../Engine/Content/EditorMaterials/MatineeGroups/MAT_ColorTrack.uasset" 114
"../../../Engine/Content/EditorMaterials/MatineeGroups/MAT_Groups_Anim.uasset" 115
"../../../Engine/Content/EditorMaterials/MatineeGroups/MAT_Groups_AudioMaster.uasset" 116
"../../../Engine/Content/EditorMaterials/MatineeGroups/MAT_Groups_Director.uasset" 117
"../../../Engine/Content/EditorMaterials/MatineeGroups/MAT_Groups_Event.uasset" 118
"../../../Engine/Content/EditorMaterials/MatineeGroups/MAT_Groups_Fade.uasset" 119
"../../../Engine/Content/EditorMaterials/MatineeGroups/MAT_Groups_Float.uasset" 120
"../../../Engine/Content/EditorMaterials/MatineeGroups/MAT_Groups_Move.uasset" 121
"../../../Engine/Content/EditorMaterials/MatineeGroups/MAT_Groups_Slomo.uasset" 122
"../../../Engine/Content/EditorMaterials/MatineeGroups/MAT_Groups_Sound.uasset" 123
"../../../Engine/Content/EditorMaterials/MatineeGroups/MAT_Groups_Vector.uasset" 124
"../../../Engine/Content/EditorMaterials/ParticleSystems/PSysThumbnail_NoImage.uasset" 125
"../../../Engine/Content/EditorMaterials/ParticleSystems/PSysThumbnail_OOD.uasset" 126
"../../../Engine/Content/EditorMaterials/Thumbnails/FloorPlaneMaterial.uasset" 127
"../../../Engine/Content/EditorMeshes/EditorCube.uasset" 128
"../../../Engine/Content/EditorMeshes/EditorCylinder.uasset" 129
"../../../Engine/Content/EditorMeshes/EditorPlane.uasset" 130
"../../../Engine/Content/EditorMaterials/Thumbnails/SkySphereMaterial.uasset" 131
"../../../Engine/Content/EditorMeshes/EditorSkySphere.uasset" 132
"../../../Engine/Content/EditorMeshes/EditorSphere.uasset" 133
"../../../Engine/Content/EditorResources/MatineeCam_D.uasset" 134
"../../../Engine/Content/EditorMaterials/MatineeCam_mat.uasset" 135
"../../../Engine/Content/EditorMeshes/MatineeCam_SM.uasset" 136
"../../../Engine/Content/Functions/Engine_MaterialFunctions01/Shading/ConvertFromDiffSpec.uasset" 137
"../../../Engine/Content/EditorMaterials/GridMaterial.uasset" 138
"../../../Engine/Content/EditorMeshes/PhAT_FloorBox.uasset" 139
"../../../Engine/Content/EditorMeshes/PlanarReflectionPlane.uasset" 140
"../../../Engine/Content/EngineDebugMaterials/M_SimpleOpaque.uasset" 141
"../../../Engine/Content/EditorMaterials/Camera/MI_CineMat_CamViewFinder.uasset" 142
"../../../Engine/Content/EditorMaterials/Camera/CineMat.uasset" 143
"../../../Engine/Content/EditorMaterials/Camera/MI_CineMat_CameraBody.uasset" 144
"../../../Engine/Content/EditorMeshes/Camera/SM_CineCam.uasset" 145
"../../../Engine/Content/EditorMaterials/Camera/MI_CineMat_Rig.uasset" 146
"../../../Engine/Content/EditorMeshes/Camera/SM_CraneRig_Arm.uasset" 147
"../../../Engine/Content/EditorMeshes/Camera/SM_CraneRig_Base.uasset" 148
"../../../Engine/Content/EditorMeshes/Camera/SM_CraneRig_Body.uasset" 149
"../../../Engine/Content/EditorMeshes/Camera/SM_CraneRig_Mount.uasset" 150
"../../../Engine/Content/EditorMeshes/Camera/SM_RailRig_Mount.uasset" 151
"../../../Engine/Content/EditorMeshes/Camera/SM_RailRig_Track.uasset" 152
"../../../Engine/Content/EditorMeshes/ColorCalibrator/M_ChromeBall.uasset" 153
"../../../Engine/Content/EditorResources/Bad.uasset" 154
"../../../Engine/Content/EditorResources/BSPVertex.uasset" 155
"../../../Engine/Content/EditorResources/EmptyActor.uasset" 156
"../../../Engine/Content/EditorResources/MatInstActSprite.uasset" 157
"../../../Engine/Content/EditorResources/SceneManager.uasset" 158
"../../../Engine/Content/EditorResources/SmallFont.uasset" 159
"../../../Engine/Content/EditorResources/S_Actor.uasset" 160
"../../../Engine/Content/EditorResources/S_CameraShakeSource.uasset" 161
"../../../Engine/Content/EditorResources/S_DecalActorIcon.uasset" 162
"../../../Engine/Content/EditorResources/S_Emitter.uasset" 163
"../../../Engine/Content/EditorResources/S_ExpoHeightFog.uasset" 164
"../../../Engine/Content/EditorResources/S_FTest.uasset" 165
"../../../Engine/Content/EditorResources/S_KBSJoint.uasset" 166
"../../../Engine/Content/EditorResources/S_KHinge.uasset" 167
"../../../Engine/Content/EditorResources/S_KPrismatic.uasset" 168
"../../../Engine/Content/EditorResources/S_LevelSequence.uasset" 169
"../../../Engine/Content/EditorResources/S_NavP.uasset" 170
"../../../Engine/Content/EditorResources/S_Note.uasset" 171
"../../../Engine/Content/EditorResources/S_Player.uasset" 172
"../../../Engine/Content/EditorResources/S_PortalActorIcon2.uasset" 173
"../../../Engine/Content/EditorResources/S_RadForce.uasset" 174
"../../../Engine/Content/EditorResources/S_ReflActorIcon.uasset" 175
"../../../Engine/Content/EditorResources/S_SkyAtmosphere.uasset" 176
"../../../Engine/Content/EditorResources/S_Solver.uasset" 177
"../../../Engine/Content/EditorResources/S_Terrain.uasset" 178
"../../../Engine/Content/EditorResources/S_TextRenderActorIcon.uasset" 179
"../../../Engine/Content/EditorResources/S_Thruster.uasset" 180
"../../../Engine/Content/EditorResources/S_Trigger.uasset" 181
"../../../Engine/Content/EditorResources/S_VectorFieldVol.uasset" 182
"../../../Engine/Content/EditorResources/S_VolumetricCloud.uasset" 183
"../../../Engine/Content/EditorResources/S_WindDirectional.uasset" 184
"../../../Engine/Content/EditorResources/AI/S_NavLink.uasset" 185
"../../../Engine/Content/EditorResources/LightIcons/SkyLight.uasset" 186
"../../../Engine/Content/EditorResources/LightIcons/S_LightDirectional.uasset" 187
"../../../Engine/Content/EditorResources/LightIcons/S_LightDirectionalMove.uasset" 188
"../../../Engine/Content/EditorResources/LightIcons/S_LightError.uasset" 189
"../../../Engine/Content/EditorResources/LightIcons/S_LightPoint.uasset" 190
"../../../Engine/Content/EditorResources/LightIcons/S_LightPointMove.uasset" 191
"../../../Engine/Content/EditorResources/LightIcons/S_LightSpot.uasset" 192
"../../../Engine/Content/EditorResources/LightIcons/S_LightSpotMove.uasset" 193
"../../../Engine/Content/EditorResources/SequenceRecorder/Countdown.uasset" 194
"../../../Engine/Content/EditorResources/SequenceRecorder/RecordingIndicator.uasset" 195
"../../../Engine/Content/EditorResources/Spline/T_Loft_Spline.uasset" 196
"../../../Engine/Content/EditorSounds/Notifications/CompileSuccess.uasset" 197
"../../../Engine/Content/EditorSounds/Notifications/CompileStart_Cue.uasset" 198
"../../../Engine/Content/EngineDamageTypes/DmgTypeBP_Environmental.uasset" 199
"../../../Engine/Content/EngineDebugMaterials/HeatmapGradient.uasset" 200
"../../../Engine/Content/EngineDebugMaterials/BoneWeightMaterial.uasset" 201
"../../../Engine/Content/EngineDebugMaterials/ClothMaterial.uasset" 202
"../../../Engine/Content/EngineDebugMaterials/ClothMaterial_WF.uasset" 203
"../../../Engine/Content/EngineDebugMaterials/DebugEditorMaterial.uasset" 204
"../../../Engine/Content/EngineDebugMaterials/DebugMeshMaterial.uasset" 205
"../../../Engine/Content/EngineDebugMaterials/GeomMaterial.uasset" 206
"../../../Engine/Content/EngineDebugMaterials/LevelColorationLitMaterial.uasset" 207
"../../../Engine/Content/EngineDebugMaterials/LevelColorationUnlitMaterial.uasset" 208
"../../../Engine/Content/EngineMaterials/DefaultWhiteGrid.uasset" 209
"../../../Engine/Content/EngineDebugMaterials/MAT_LevelColorationLitLightmapUV.uasset" 210
"../../../Engine/Content/EngineDebugMaterials/M_SimpleUnlitTranslucent.uasset" 211
"../../../Engine/Content/EngineDebugMaterials/VolumeToRender.uasset" 212
"../../../Engine/Content/Functions/Engine_MaterialFunctions02/Utility/CameraDirectionVector.uasset" 213
"../../../Engine/Content/EngineDebugMaterials/M_VolumeRenderSphereTracePP.uasset" 214
"../../../Engine/Content/EngineMaterials/DefaultWhiteGrid_Low.uasset" 215
"../../../Engine/Content/EngineDebugMaterials/PhysicalMaterialMaskMaterial.uasset" 216
"../../../Engine/Content/EngineDebugMaterials/ShadedLevelColorationLitMaterial.uasset" 217
"../../../Engine/Content/EngineDebugMaterials/ShadedLevelColorationUnlitMateri.uasset" 218
"../../../Engine/Content/EngineDebugMaterials/VertexColorMaterial.uasset" 219
"../../../Engine/Content/EngineDebugMaterials/VertexColorViewMode_AlphaAsColor.uasset" 220
"../../../Engine/Content/EngineDebugMaterials/VertexColorViewMode_BlueOnly.uasset" 221
"../../../Engine/Content/EngineDebugMaterials/VertexColorViewMode_ColorOnly.uasset" 222
"../../../Engine/Content/EngineDebugMaterials/VertexColorViewMode_GreenOnly.uasset" 223
"../../../Engine/Content/EngineDebugMaterials/VertexColorViewMode_RedOnly.uasset" 224
"../../../Engine/Content/EngineDebugMaterials/WireframeMaterial.uasset" 225
"../../../Engine/Content/EngineFonts/Faces/RobotoRegular.uasset" 226
"../../../Engine/Content/EngineFonts/Faces/RobotoLight.uasset" 227
"../../../Engine/Content/EngineFonts/Faces/RobotoItalic.uasset" 228
"../../../Engine/Content/EngineFonts/Faces/RobotoBoldItalic.uasset" 229
"../../../Engine/Content/EngineFonts/Faces/RobotoBold.uasset" 230
"../../../Engine/Content/EngineFonts/Faces/DroidSansFallback.uasset" 231
"../../../Engine/Content/EngineFonts/Roboto.uasset" 232
"../../../Engine/Content/EngineFonts/Faces/RobotoTiny.uasset" 233
"../../../Engine/Content/EngineFonts/RobotoTiny.uasset" 234
"../../../Engine/Content/EngineFonts/SmallFont.uasset" 235
"../../../Engine/Content/EngineFonts/TinyFont.uasset" 236
"../../../Engine/Content/EngineMaterials/BaseFlattenNormalMap.uasset" 237
"../../../Engine/Content/EngineMaterials/BaseFlattenGrayscaleMap.uasset" 238
"../../../Engine/Content/EngineMaterials/BaseFlattenEmissiveMap.uasset" 239
"../../../Engine/Content/EngineMaterials/BaseFlattenDiffuseMap.uasset" 240
"../../../Engine/Content/EngineMaterials/BaseFlattenMaterial.uasset" 241
"../../../Engine/Content/EngineResources/WhiteSquareTexture.uasset" 242
"../../../Engine/Content/EngineMaterials/BlinkingCaret.uasset" 243
"../../../Engine/Content/EngineMaterials/BlueNoise.uasset" 244
"../../../Engine/Content/EngineMaterials/DefaultBloomKernel.uasset" 245
"../../../Engine/Content/EngineMaterials/DefaultBokeh.uasset" 246
"../../../Engine/Content/EngineMaterials/DefaultDeferredDecalMaterial.uasset" 247
"../../../Engine/Content/EngineMaterials/DefaultLightFunctionMaterial.uasset" 248
"../../../Engine/Content/EngineMaterials/DefaultNormal.uasset" 249
"../../../Engine/Content/EngineMaterials/DefaultPostProcessMaterial.uasset" 250
"../../../Engine/Content/EngineFonts/RobotoDistanceField.uasset" 251
"../../../Engine/Content/EngineMaterials/DefaultTextMaterialOpaque.uasset" 252
"../../../Engine/Content/EngineMaterials/EditorBrushMaterial.uasset" 253
"../../../Engine/Content/EngineMaterials/EmissiveMeshMaterial.uasset" 254
"../../../Engine/Content/EngineMaterials/GizmoMaterial.uasset" 255
"../../../Engine/Content/EngineMaterials/Good64x64TilingNoiseHighFreq.uasset" 256
"../../../Engine/Content/EngineMaterials/Grid_N.uasset" 257
"../../../Engine/Content/EngineMaterials/HighResolutionScreenshotMaskFunction.uasset" 258
"../../../Engine/Content/EngineMaterials/HighResScreenshot.uasset" 259
"../../../Engine/Content/EngineMaterials/HighResScreenshotCaptureRegion.uasset" 260
"../../../Engine/Content/EngineMaterials/HighResScreenshotMask.uasset" 261
"../../../Engine/Content/EngineMaterials/LandscapeHolePhysicalMaterial.uasset" 262
"../../../Engine/Content/EngineMaterials/InvalidLightmapSettings.uasset" 263
"../../../Engine/Content/EngineMaterials/M_InvalidLightmapSettings.uasset" 264
"../../../Engine/Content/EngineMaterials/PaperDiffuse.uasset" 265
"../../../Engine/Content/EngineMaterials/PaperNormal.uasset" 266
"../../../Engine/Content/Functions/Engine_MaterialFunctions02/WorldPositionOffset/CameraOffset.uasset" 267
"../../../Engine/Content/EngineMaterials/PhAT_JointLimitMaterial.uasset" 268
"../../../Engine/Content/EngineMaterials/PhysMat_Rubber.uasset" 269
"../../../Engine/Content/EngineMaterials/PreintegratedSkinBRDF.uasset" 270
"../../../Engine/Content/EngineMaterials/RemoveSurfaceMaterial.uasset" 271
"../../../Engine/Content/EngineMaterials/WeightMapPlaceholderTexture.uasset" 272
"../../../Engine/Content/Functions/Engine_MaterialFunctions01/ImageAdjustment/sRGBToLinear.uasset" 273
"../../../Engine/Content/Functions/Engine_MaterialFunctions02/Utility/BreakOutFloat3Components.uasset" 274
"../../../Engine/Content/EngineMaterials/Widget3DCameraPassThrough_Opaque_OneSided.uasset" 275
"../../../Engine/Content/EngineMaterials/Widget3DPassThrough.uasset" 276
"../../../Engine/Content/EngineMaterials/Widget3DPassThrough_Masked.uasset" 277
"../../../Engine/Content/EngineMaterials/Widget3DPassThrough_Opaque.uasset" 278
"../../../Engine/Content/EngineMaterials/Widget3DPassThrough_Masked_OneSided.uasset" 279
"../../../Engine/Content/EngineMaterials/Widget3DPassThrough_Opaque_OneSided.uasset" 280
"../../../Engine/Content/EngineMaterials/Widget3DPassThrough_Translucent.uasset" 281
"../../../Engine/Content/EngineMaterials/Widget3DPassThrough_Translucent_OneSided.uasset" 282
"../../../Engine/Content/EngineMeshes/Cylinder.uasset" 283
"../../../Engine/Content/EngineMeshes/Sphere.uasset" 284
"../../../Engine/Content/EngineResources/Black.uasset" 285
"../../../Engine/Content/EngineResources/DefaultTextureCube.uasset" 286
"../../../Engine/Content/EngineResources/DefaultVolumeTexture2D.uasset" 287
"../../../Engine/Content/EngineResources/DefaultVolumeTexture.uasset" 288
"../../../Engine/Content/EngineResources/GradientTexture0.uasset" 289
"../../../Engine/Content/EngineResources/StreamingPauseIcon.uasset" 290
"../../../Engine/Content/EngineResources/M_StreamingPause.uasset" 291
"../../../Engine/Content/EngineSky/VolumetricClouds/T_NoiseShape64.uasset" 292
"../../../Engine/Content/EngineSky/VolumetricClouds/T_VolumeNoiseShape64.uasset" 293
"../../../Engine/Content/EngineSky/VolumetricClouds/T_NoiseErosion.uasset" 294
"../../../Engine/Content/EngineSky/VolumetricClouds/T_VolumeNoiseErosion32.uasset" 295
"../../../Engine/Content/EngineSky/VolumetricClouds/CloudWeatherTexture.uasset" 296
"../../../Engine/Content/EngineSky/VolumetricClouds/CloudGradientTexture.uasset" 297
"../../../Engine/Content/EngineSky/VolumetricClouds/m_SimpleVolumetricCloud.uasset" 298
"../../../Engine/Content/EngineSky/VolumetricClouds/m_SimpleVolumetricCloud_Inst.uasset" 299
"../../../Engine/Content/EngineSounds/Master.uasset" 300
"../../../Engine/Content/Functions/Engine_MaterialFunctions01/Shading/PowerToRoughness.uasset" 301
"../../../Engine/Content/Maps/Templates/Thumbnails/Default.uasset" 302
"../../../Engine/Content/Maps/Templates/Thumbnails/TimeOfDay.uasset" 303
"../../../Engine/Content/Maps/Templates/Thumbnails/VR-Basic.uasset" 304
"../../../Engine/Content/MapTemplates/Sky/DaylightAmbientCubemap.uasset" 305
"../../../Engine/Content/MobileResources/T_MobileControls_texture.uasset" 306
"../../../Engine/Content/MobileResources/T_MobileMenu2.uasset" 307
"../../../Engine/Content/MobileResources/HUD/AnalogHat.uasset" 308
"../../../Engine/Content/MobileResources/HUD/VirtualJoystick_Thumb.uasset" 309
"../../../Engine/Content/MobileResources/HUD/VirtualJoystick_Background.uasset" 310
"../../../Engine/Content/MobileResources/HUD/DefaultVirtualJoysticks.uasset" 311
"../../../Engine/Content/MobileResources/HUD/LeftVirtualJoystickOnly.uasset" 312
"../../../Engine/Content/MobileResources/HUD/MobileHUDButton1_off.uasset" 313
"../../../Engine/Content/MobileResources/HUD/MobileHUDButton1_on.uasset" 314
"../../../Engine/Content/MobileResources/HUD/MobileHUDButton2_off.uasset" 315
"../../../Engine/Content/MobileResources/HUD/MobileHUDButton2_on.uasset" 316
"../../../Engine/Content/MobileResources/HUD/MobileHUDButton3.uasset" 317
"../../../Engine/Content/MobileResources/HUD/MobileHUDButtonFire.uasset" 318
"../../../Engine/Content/MobileResources/HUD/MobileHUDDirectionPad.uasset" 319
"../../../Engine/Content/MobileResources/HUD/MobileHUDDirectionPad2.uasset" 320
"../../../Engine/Content/MobileResources/HUD/MobileHUDDirectionPad3.uasset" 321
"../../../Engine/Content/MobileResources/HUD/MobileHUDDirectionStick.uasset" 322
"../../../Engine/Content/MobileResources/HUD/T_Castle_ThumbstickInner.uasset" 323
"../../../Engine/Content/MobileResources/HUD/T_Castle_ThumbstickOutter.uasset" 324
"../../../Engine/Content/Tutorial/ContentIntroCurve.uasset" 325
"../../../Engine/Content/Tutorial/Basics/LevelEditorAttract.uasset" 326
"../../../Engine/Content/Tutorial/Basics/TutorialAssets/icon_tab_Levels_40x.uasset" 327
"../../../Engine/Content/Tutorial/Basics/LevelEditorOverview.uasset" 328
"../../../Engine/Content/Tutorial/BlueprintTutorials/TutorialAssets/Blueprint_64x.uasset" 329
"../../../Engine/Content/Tutorial/BlueprintTutorials/BlueprintEditorTutorial.uasset" 330
"../../../Engine/Content/Tutorial/BlueprintTutorials/TutorialAssets/Tutorial_BP_MacroLib.uasset" 331
"../../../Engine/Content/VREditor/TransformGizmo/TranslucentTransformGizmoMaterial.uasset" 332
"../../../Engine/Content/VREditor/LaserPointer/VR_LaserPower_01.uasset" 333
"../../../Engine/Content/VREditor/TransformGizmo/TransformGizmoMaterial.uasset" 334
"../../../Engine/Content/VREditor/TransformGizmo/BoundingBoxCorner.uasset" 335
"../../../Engine/Content/VREditor/TransformGizmo/BoundingBoxEdge.uasset" 336
"../../../Engine/Content/VREditor/TransformGizmo/PlaneTranslationHandle.uasset" 337
"../../../Engine/Content/VREditor/TransformGizmo/Xray.uasset" 338
"../../../Engine/Content/VREditor/TransformGizmo/Main.uasset" 339
"../../../Engine/Content/VREditor/TransformGizmo/SM_Sequencer_Key.uasset" 340
"../../../Engine/Content/VREditor/TransformGizmo/SM_Sequencer_Node.uasset" 341
"../../../../../../Users/s212301/Documents/GitHub/AceCombatSimulate/Content/ModularLostRuinKit/Textures/Generic/T_Dripping_Dirt_M.uasset" 342
"../../../../../../Users/s212301/Documents/GitHub/AceCombatSimulate/Content/ModularLostRuinKit/Textures/Nature/Rocks/T_Tiling_Detail_Rock_N.uasset" 343
"../../../../../../Users/s212301/Documents/GitHub/AceCombatSimulate/Content/ModularLostRuinKit/Textures/Generic/T_Cloud_M.uasset" 344
"../../../../../../Users/s212301/Documents/GitHub/AceCombatSimulate/Content/ModularLostRuinKit/Textures/Generic/T_DirtD_rips_M.uasset" 345
"../../../../../../Users/s212301/Documents/GitHub/AceCombatSimulate/Content/ModularLostRuinKit/Textures/Generic/T_Moss_N.uasset" 346
"../../../Engine/Content/Functions/Engine_MaterialFunctions02/Utility/BlendAngleCorrectedNormals.uasset" 347
"../../../Engine/Content/Functions/Engine_MaterialFunctions01/Gradient/LinearGradient.uasset" 348
"../../../Engine/Content/Functions/Engine_MaterialFunctions01/ImageAdjustment/CheapContrast.uasset" 349
"../../../Engine/Content/Functions/Engine_MaterialFunctions01/Texturing/WorldAlignedTexture.uasset" 350
"../../../../../../Users/s212301/Documents/GitHub/AceCombatSimulate/Content/ModularLostRuinKit/Materials/Functions/MF_GroundEffect.uasset" 351
"../../../../../../Users/s212301/Documents/GitHub/AceCombatSimulate/Content/ModularLostRuinKit/Textures/Generic/T_Sand_N.uasset" 352
"../../../../../../Users/s212301/Documents/GitHub/AceCombatSimulate/Content/ModularLostRuinKit/Textures/Generic/T_Sand_BC.uasset" 353
"../../../../../../Users/s212301/Documents/GitHub/AceCombatSimulate/Content/ModularLostRuinKit/Materials/Functions/MF_Enviromental_Sand.uasset" 354
"../../../../../../Users/s212301/Documents/GitHub/AceCombatSimulate/Content/ModularLostRuinKit/Textures/Generic/T_Moss_BC.uasset" 355
"../../../../../../Users/s212301/Documents/GitHub/AceCombatSimulate/Content/ModularLostRuinKit/Materials/Functions/MF_Enviromental_Moss.uasset" 356
"../../../../../../Users/s212301/Documents/GitHub/AceCombatSimulate/Content/ModularLostRuinKit/Materials/Functions/MF_CheaperNormalBlend.uasset" 357
"../../../../../../Users/s212301/Documents/GitHub/AceCombatSimulate/Content/ModularLostRuinKit/Materials/Functions/MF_BakedAOBlend.uasset" 358
"../../../../../../Users/s212301/Documents/GitHub/AceCombatSimulate/Content/ModularLostRuinKit/Textures/Nature/Rocks/T_Tiling_Rock2_N.uasset" 359
"../../../../../../Users/s212301/Documents/GitHub/AceCombatSimulate/Content/ModularLostRuinKit/Textures/Nature/Rocks/T_Tiling_Rock2_M.uasset" 360
"../../../../../../Users/s212301/Documents/GitHub/AceCombatSimulate/Content/ModularLostRuinKit/Textures/Nature/Rocks/T_Tiling_Rock2_BC.uasset" 361
"../../../../../../Users/s212301/Documents/GitHub/AceCombatSimulate/Content/ModularLostRuinKit/Textures/Nature/Rocks/T_Tiling_Rock1_Brown_N.uasset" 362
"../../../../../../Users/s212301/Documents/GitHub/AceCombatSimulate/Content/ModularLostRuinKit/Textures/Nature/Rocks/T_Tiling_Rock1_Brown_M.uasset" 363
"../../../../../../Users/s212301/Documents/GitHub/AceCombatSimulate/Content/ModularLostRuinKit/Textures/Nature/Rocks/T_Tiling_Rock1_Brown_BC.uasset" 364
"../../../../../../Users/s212301/Documents/GitHub/AceCombatSimulate/Content/ModularLostRuinKit/Textures/Nature/Rocks/T_Rock_Medium_N.uasset" 365
"../../../../../../Users/s212301/Documents/GitHub/AceCombatSimulate/Content/ModularLostRuinKit/Textures/Nature/Rocks/T_Rock_Medium_M.uasset" 366
"../../../Engine/Content/Functions/MaterialLayerFunctions/MatLayerBlend_Standard.uasset" 367
"../../../Engine/Content/Functions/Engine_MaterialFunctions02/Texturing/HeightLerp.uasset" 368
"../../../Engine/Content/Functions/Engine_MaterialFunctions01/AlphaBlend/WorldAlignedBlend.uasset" 369
"../../../Engine/Content/Functions/Engine_MaterialFunctions02/WorldPositionOffset/ObjectScale.uasset" 370
"../../../../../../Users/s212301/Documents/GitHub/AceCombatSimulate/Content/ModularLostRuinKit/Materials/MasterMaterials/M_Rock.uasset" 371
"../../../../../../Users/s212301/Documents/GitHub/AceCombatSimulate/Content/ModularLostRuinKit/Textures/Nature/Rocks/T_Tiling_Rock2_Brown_N.uasset" 372
"../../../../../../Users/s212301/Documents/GitHub/AceCombatSimulate/Content/ModularLostRuinKit/Textures/Nature/Rocks/T_Tiling_Rock2_Brown_M.uasset" 373
"../../../../../../Users/s212301/Documents/GitHub/AceCombatSimulate/Content/ModularLostRuinKit/Textures/Nature/Rocks/T_Tiling_Rock2_Brown_BC.uasset" 374
"../../../../../../Users/s212301/Documents/GitHub/AceCombatSimulate/Content/ModularLostRuinKit/Materials/Nature/Rocks/MI_Medium_Rock.uasset" 375
"../../../../../../Users/s212301/Documents/GitHub/AceCombatSimulate/Content/ModularLostRuinKit/Textures/Nature/Rocks/T_Rock_Plate_N.uasset" 376
"../../../../../../Users/s212301/Documents/GitHub/AceCombatSimulate/Content/ModularLostRuinKit/Textures/Nature/Rocks/T_Rock_Plate_M.uasset" 377
"../../../../../../Users/s212301/Documents/GitHub/AceCombatSimulate/Content/ModularLostRuinKit/Materials/Nature/Rocks/MI_Plate_Rock.uasset" 378
"../../../../../../Users/s212301/Documents/GitHub/AceCombatSimulate/Content/ModularLostRuinKit/Textures/Nature/Rocks/T_Relic_Rocks_N.uasset" 379
"../../../../../../Users/s212301/Documents/GitHub/AceCombatSimulate/Content/ModularLostRuinKit/Textures/Nature/Rocks/T_Relic_Rocks_M.uasset" 380
"../../../../../../Users/s212301/Documents/GitHub/AceCombatSimulate/Content/ModularLostRuinKit/Materials/Nature/Rocks/MI_Relic_Rock.uasset" 381
"../../../../../../Users/s212301/Documents/GitHub/AceCombatSimulate/Content/ModularLostRuinKit/Textures/Nature/Foliage/T_Fol_Grass_N.uasset" 382
"../../../../../../Users/s212301/Documents/GitHub/AceCombatSimulate/Content/ModularLostRuinKit/Textures/Nature/Foliage/T_Fol_Grass_M.uasset" 383
"../../../../../../Users/s212301/Documents/GitHub/AceCombatSimulate/Content/ModularLostRuinKit/Textures/Nature/Foliage/T_Fol_Grass_BC.uasset" 384
"../../../Engine/Content/Functions/Engine_MaterialFunctions01/WorldPositionOffset/SimpleGrassWind.uasset" 385
"../../../../../../Users/s212301/Documents/GitHub/AceCombatSimulate/Content/ModularLostRuinKit/Materials/MasterMaterials/M_Foliage.uasset" 386
"../../../../../../Users/s212301/Documents/GitHub/AceCombatSimulate/Content/ModularLostRuinKit/Textures/Nature/Foliage/T_Fol_Fern_N.uasset" 387
"../../../../../../Users/s212301/Documents/GitHub/AceCombatSimulate/Content/ModularLostRuinKit/Textures/Nature/Foliage/T_Fol_Fern_M.uasset" 388
"../../../../../../Users/s212301/Documents/GitHub/AceCombatSimulate/Content/ModularLostRuinKit/Textures/Nature/Foliage/T_Fol_Fern_BC.uasset" 389
"../../../../../../Users/s212301/Documents/GitHub/AceCombatSimulate/Content/ModularLostRuinKit/Materials/Nature/Foliage/MI_Fern.uasset" 390
"../../../../../../Users/s212301/Documents/GitHub/AceCombatSimulate/Content/ModularLostRuinKit/Models/Nature/Foliage/SM_Fol_Undergrown_Set3.uasset" 391
"../../../../../../Users/s212301/Documents/GitHub/AceCombatSimulate/Content/ModularLostRuinKit/Textures/Nature/Rocks/T_Rock_Wall_N.uasset" 392
"../../../../../../Users/s212301/Documents/GitHub/AceCombatSimulate/Content/ModularLostRuinKit/Textures/Nature/Rocks/T_Rock_Wall_M.uasset" 393
"../../../../../../Users/s212301/Documents/GitHub/AceCombatSimulate/Content/ModularLostRuinKit/Materials/Nature/Rocks/MI_Wall_Rock.uasset" 394
"../../../../../../Users/s212301/Documents/GitHub/AceCombatSimulate/Content/ModularLostRuinKit/Textures/Nature/Foliage/T_Fol_Leafs_N.uasset" 395
"../../../../../../Users/s212301/Documents/GitHub/AceCombatSimulate/Content/ModularLostRuinKit/Textures/Nature/Foliage/T_Fol_Leafs_M.uasset" 396
"../../../../../../Users/s212301/Documents/GitHub/AceCombatSimulate/Content/ModularLostRuinKit/Textures/Nature/Foliage/T_Fol_Leafs_BC.uasset" 397
"../../../../../../Users/s212301/Documents/GitHub/AceCombatSimulate/Content/ModularLostRuinKit/Materials/Nature/Foliage/MI_Bush.uasset" 398
"../../../../../../Users/s212301/Documents/GitHub/AceCombatSimulate/Content/ModularLostRuinKit/Models/Nature/Rocks/WithFoliage/SM_Wall_Rock_Set_3_Fol.uasset" 399
"../../../../../../Users/s212301/Documents/GitHub/AceCombatSimulate/Content/ModularLostRuinKit/Models/Nature/Rocks/WithFoliage/SM_Wall_Rock_Set_5_Fol.uasset" 400
"../../../../../../Users/s212301/Documents/GitHub/AceCombatSimulate/Content/ModularLostRuinKit/Textures/Structure/T_WoodPlanks_N.uasset" 401
"../../../../../../Users/s212301/Documents/GitHub/AceCombatSimulate/Content/ModularLostRuinKit/Textures/Structure/T_WoodPlanks_M.uasset" 402
"../../../../../../Users/s212301/Documents/GitHub/AceCombatSimulate/Content/ModularLostRuinKit/Textures/Structure/T_WoodPlanks_BC.uasset" 403
"../../../../../../Users/s212301/Documents/GitHub/AceCombatSimulate/Content/ModularLostRuinKit/Textures/Structure/T_Painted_Wood_N.uasset" 404
"../../../../../../Users/s212301/Documents/GitHub/AceCombatSimulate/Content/ModularLostRuinKit/Textures/Structure/T_Painted_Wood_M.uasset" 405
"../../../../../../Users/s212301/Documents/GitHub/AceCombatSimulate/Content/ModularLostRuinKit/Textures/Structure/T_Painted_Wood_BC.uasset" 406
"../../../../../../Users/s212301/Documents/GitHub/AceCombatSimulate/Content/ModularLostRuinKit/Textures/Structure/T_Tiling_Plaster_N.uasset" 407
"../../../../../../Users/s212301/Documents/GitHub/AceCombatSimulate/Content/ModularLostRuinKit/Textures/Structure/T_Tiling_DamagedPlaster_N.uasset" 408
"../../../../../../Users/s212301/Documents/GitHub/AceCombatSimulate/Content/ModularLostRuinKit/Textures/Structure/T_Tiling_DamagedPlaster_M.uasset" 409
"../../../../../../Users/s212301/Documents/GitHub/AceCombatSimulate/Content/ModularLostRuinKit/Textures/Structure/T_Tiling_DamagedPlaster_BC.uasset" 410
"../../../../../../Users/s212301/Documents/GitHub/AceCombatSimulate/Content/ModularLostRuinKit/Textures/Structure/T_RockWall1_N.uasset" 411
"../../../../../../Users/s212301/Documents/GitHub/AceCombatSimulate/Content/ModularLostRuinKit/Textures/Structure/T_RockWall_M.uasset" 412
"../../../../../../Users/s212301/Documents/GitHub/AceCombatSimulate/Content/ModularLostRuinKit/Textures/Structure/T_RockWall1_BC.uasset" 413
"../../../../../../Users/s212301/Documents/GitHub/AceCombatSimulate/Content/ModularLostRuinKit/Materials/MasterMaterials/M_Structure.uasset" 414
"../../../../../../Users/s212301/Documents/GitHub/AceCombatSimulate/Content/ModularLostRuinKit/Materials/Structure/MI_WoodPlanks_Sand.uasset" 415
"../../../../../../Users/s212301/Documents/GitHub/AceCombatSimulate/Content/ModularLostRuinKit/Models/Structure/SM_Wood_Structure_2X2.uasset" 416
"../../../../../../Users/s212301/Documents/GitHub/AceCombatSimulate/Content/PhotoR_Backgrounds/Textures/billboard_tree_n.uasset" 417
"../../../../../../Users/s212301/Documents/GitHub/AceCombatSimulate/Content/PhotoR_Backgrounds/Textures/billboard_tree_d.uasset" 418
"../../../Engine/Content/Functions/Engine_MaterialFunctions03/Blends/Blend_Overlay.uasset" 419
"../../../../../../Users/s212301/Documents/GitHub/AceCombatSimulate/Content/PhotoR_Backgrounds/Materials/billboard.uasset" 420
"../../../../../../Users/s212301/Documents/GitHub/AceCombatSimulate/Content/PhotoR_Backgrounds/Meshes/billboard.uasset" 421
"../../../../../../Users/s212301/Documents/GitHub/AceCombatSimulate/Content/PhotoR_Backgrounds/Textures/billboard_tree_snow_d.uasset" 422
"../../../../../../Users/s212301/Documents/GitHub/AceCombatSimulate/Content/PhotoR_Backgrounds/Materials/billboard_snow.uasset" 423
"../../../../../../Users/s212301/Documents/GitHub/AceCombatSimulate/Content/PhotoR_Backgrounds/Meshes/billboard_snow.uasset" 424
"../../../../../../Users/s212301/Documents/GitHub/AceCombatSimulate/Content/PhotoR_Backgrounds/Meshes/template_yellow.uasset" 425
"../../../../../../Users/s212301/Documents/GitHub/AceCombatSimulate/Content/PhotoR_Backgrounds/Meshes/template_white.uasset" 426
"../../../../../../Users/s212301/Documents/GitHub/AceCombatSimulate/Content/PhotoR_Backgrounds/Meshes/template_red.uasset" 427
"../../../../../../Users/s212301/Documents/GitHub/AceCombatSimulate/Content/PhotoR_Backgrounds/Meshes/template.uasset" 428
"../../../../../../Users/s212301/Documents/GitHub/AceCombatSimulate/Content/PhotoR_Backgrounds/Textures/SM_snow_a_n.uasset" 429
"../../../../../../Users/s212301/Documents/GitHub/AceCombatSimulate/Content/PhotoR_Backgrounds/Textures/SM_snow_a_d.uasset" 430
"../../../../../../Users/s212301/Documents/GitHub/AceCombatSimulate/Content/PhotoR_Backgrounds/Textures/SM_sand_pebbles_a_n.uasset" 431
"../../../../../../Users/s212301/Documents/GitHub/AceCombatSimulate/Content/PhotoR_Backgrounds/Textures/SM_sand_pebbles_a_d.uasset" 432
"../../../../../../Users/s212301/Documents/GitHub/AceCombatSimulate/Content/PhotoR_Backgrounds/Textures/SM_rock_a_n.uasset" 433
"../../../../../../Users/s212301/Documents/GitHub/AceCombatSimulate/Content/PhotoR_Backgrounds/Textures/SM_rock_a_d.uasset" 434
"../../../../../../Users/s212301/Documents/GitHub/AceCombatSimulate/Content/PhotoR_Backgrounds/Textures/SM_ground_gravel_c_n.uasset" 435
"../../../../../../Users/s212301/Documents/GitHub/AceCombatSimulate/Content/PhotoR_Backgrounds/Textures/SM_ground_gravel_c_d.uasset" 436
"../../../../../../Users/s212301/Documents/GitHub/AceCombatSimulate/Content/PhotoR_Backgrounds/Textures/SM_ground_gravel_b_n.uasset" 437
"../../../../../../Users/s212301/Documents/GitHub/AceCombatSimulate/Content/PhotoR_Backgrounds/Textures/SM_ground_gravel_b_d.uasset" 438
"../../../../../../Users/s212301/Documents/GitHub/AceCombatSimulate/Content/PhotoR_Backgrounds/Textures/afghan_mountain_a_SPLAT.uasset" 439
"../../../../../../Users/s212301/Documents/GitHub/AceCombatSimulate/Content/PhotoR_Backgrounds/Textures/afghan_mountain_a_n.uasset" 440
"../../../../../../Users/s212301/Documents/GitHub/AceCombatSimulate/Content/PhotoR_Backgrounds/Materials/Afghan/afghan_mountain_b.uasset" 441
"../../../../../../Users/s212301/Documents/GitHub/AceCombatSimulate/Content/PhotoR_Backgrounds/Meshes/360d_Horizon/Afghan_Mountain_b/PR_afgan_mountain_b_D.uasset" 442
"../../../../../../Users/s212301/Documents/GitHub/AceCombatSimulate/Content/PhotoR_Backgrounds/Meshes/360d_Horizon/Afghan_Mountain_b/PR_afgan_mountain_b_L.uasset" 443
"../../../../../../Users/s212301/Documents/GitHub/AceCombatSimulate/Content/PhotoR_Backgrounds/Meshes/360d_Horizon/Afghan_Mountain_b/PR_afgan_mountain_b_R.uasset" 444
"../../../../../../Users/s212301/Documents/GitHub/AceCombatSimulate/Content/PhotoR_Backgrounds/Meshes/360d_Horizon/Afghan_Mountain_b/PR_afgan_mountain_b_U.uasset" 445
"../../../../../../Users/s212301/Documents/GitHub/AceCombatSimulate/Content/PhotoR_Backgrounds/Textures/canyon_a_SPLAT.uasset" 446
"../../../../../../Users/s212301/Documents/GitHub/AceCombatSimulate/Content/PhotoR_Backgrounds/Textures/canyon_a_n.uasset" 447
"../../../../../../Users/s212301/Documents/GitHub/AceCombatSimulate/Content/PhotoR_Backgrounds/Materials/Canyon/canyon_outer_mesh_1_splat_map.uasset" 448
"../../../../../../Users/s212301/Documents/GitHub/AceCombatSimulate/Content/PhotoR_Backgrounds/Meshes/360d_Horizon/Canyon_a/PR_canyon_a_D.uasset" 449
"../../../../../../Users/s212301/Documents/GitHub/AceCombatSimulate/Content/PhotoR_Backgrounds/Meshes/360d_Horizon/Canyon_a/PR_canyon_a_L.uasset" 450
"../../../../../../Users/s212301/Documents/GitHub/AceCombatSimulate/Content/PhotoR_Backgrounds/Meshes/360d_Horizon/Canyon_a/PR_canyon_a_R.uasset" 451
"../../../../../../Users/s212301/Documents/GitHub/AceCombatSimulate/Content/PhotoR_Backgrounds/Meshes/360d_Horizon/Canyon_a/PR_canyon_a_U.uasset" 452
"../../../../../../Users/s212301/Documents/GitHub/AceCombatSimulate/Content/PhotoR_Backgrounds/Textures/Mobile/canyon_c.uasset" 453
"../../../../../../Users/s212301/Documents/GitHub/AceCombatSimulate/Content/PhotoR_Backgrounds/Textures/canyon_c_n.uasset" 454
"../../../../../../Users/s212301/Documents/GitHub/AceCombatSimulate/Content/PhotoR_Backgrounds/Materials/Mobile/Mobile_canyon_c.uasset" 455
"../../../../../../Users/s212301/Documents/GitHub/AceCombatSimulate/Content/PhotoR_Backgrounds/Meshes/360d_Horizon/Canyon_c_low/PR_canyon_c_low_R.uasset" 456
"../../../../../../Users/s212301/Documents/GitHub/AceCombatSimulate/Content/PhotoR_Backgrounds/Textures/SM_soil_desert_b_n.uasset" 457
"../../../../../../Users/s212301/Documents/GitHub/AceCombatSimulate/Content/PhotoR_Backgrounds/Textures/SM_soil_desert_b_d.uasset" 458
"../../../../../../Users/s212301/Documents/GitHub/AceCombatSimulate/Content/PhotoR_Backgrounds/Textures/SM_soil_desert_a_n.uasset" 459
"../../../../../../Users/s212301/Documents/GitHub/AceCombatSimulate/Content/PhotoR_Backgrounds/Textures/SM_soil_desert_a_d.uasset" 460
"../../../../../../Users/s212301/Documents/GitHub/AceCombatSimulate/Content/PhotoR_Backgrounds/Textures/desert_SPLAT.uasset" 461
"../../../../../../Users/s212301/Documents/GitHub/AceCombatSimulate/Content/PhotoR_Backgrounds/Textures/dersert_n.uasset" 462
"../../../../../../Users/s212301/Documents/GitHub/AceCombatSimulate/Content/PhotoR_Backgrounds/Materials/Desert/desert_outer_mesh_splat_map.uasset" 463
"../../../../../../Users/s212301/Documents/GitHub/AceCombatSimulate/Content/PhotoR_Backgrounds/Meshes/360d_Horizon/Desert/PR_desert_D.uasset" 464
"../../../../../../Users/s212301/Documents/GitHub/AceCombatSimulate/Content/PhotoR_Backgrounds/Meshes/360d_Horizon/Desert/PR_desert_L.uasset" 465
"../../../../../../Users/s212301/Documents/GitHub/AceCombatSimulate/Content/PhotoR_Backgrounds/Meshes/360d_Horizon/Desert/PR_desert_R.uasset" 466
"../../../../../../Users/s212301/Documents/GitHub/AceCombatSimulate/Content/PhotoR_Backgrounds/Meshes/360d_Horizon/Desert/PR_desert_U.uasset" 467
"../../../../../../Users/s212301/Documents/GitHub/AceCombatSimulate/Content/PhotoR_Backgrounds/Textures/Mobile/desert.uasset" 468
"../../../../../../Users/s212301/Documents/GitHub/AceCombatSimulate/Content/PhotoR_Backgrounds/Materials/Mobile/Mobile_desert.uasset" 469
"../../../../../../Users/s212301/Documents/GitHub/AceCombatSimulate/Content/PhotoR_Backgrounds/Meshes/360d_Horizon/Desert_low/PR_desert_low_L.uasset" 470
"../../../../../../Users/s212301/Documents/GitHub/AceCombatSimulate/Content/PhotoR_Backgrounds/Meshes/360d_Horizon/Desert_low/PR_desert_low_L_D.uasset" 471
"../../../../../../Users/s212301/Documents/GitHub/AceCombatSimulate/Content/PhotoR_Backgrounds/Meshes/360d_Horizon/Desert_low/PR_desert_low_R.uasset" 472
"../../../../../../Users/s212301/Documents/GitHub/AceCombatSimulate/Content/PhotoR_Backgrounds/Meshes/360d_Horizon/Desert_low/PR_desert_low_U.uasset" 473
"../../../../../../Users/s212301/Documents/GitHub/AceCombatSimulate/Content/PhotoR_Backgrounds/Textures/Mobile/Mountain_b_Summer.uasset" 474
"../../../../../../Users/s212301/Documents/GitHub/AceCombatSimulate/Content/PhotoR_Backgrounds/Textures/pr_background_mountain_b_N.uasset" 475
"../../../../../../Users/s212301/Documents/GitHub/AceCombatSimulate/Content/PhotoR_Backgrounds/Materials/Mobile/Mobile_mountain_b_M_summer.uasset" 476
"../../../../../../Users/s212301/Documents/GitHub/AceCombatSimulate/Content/PhotoR_Backgrounds/Meshes/360d_Horizon/Mountain_b_low/PR_background_B_W2_LOW.uasset" 477
"../../../../../../Users/s212301/Documents/GitHub/AceCombatSimulate/Content/PhotoR_Backgrounds/Textures/Mobile/Mountain_e_Summer.uasset" 478
"../../../../../../Users/s212301/Documents/GitHub/AceCombatSimulate/Content/PhotoR_Backgrounds/Textures/pr_background_mountain_e_N.uasset" 479
"../../../../../../Users/s212301/Documents/GitHub/AceCombatSimulate/Content/PhotoR_Backgrounds/Materials/Mobile/Mobile_mountain_e_M_summer.uasset" 480
"../../../../../../Users/s212301/Documents/GitHub/AceCombatSimulate/Content/PhotoR_Backgrounds/Meshes/360d_Horizon/Mountain_e_low/PR_background_E_N1_LOW.uasset" 481
"../../../../../../Users/s212301/Documents/GitHub/AceCombatSimulate/Content/PhotoR_Backgrounds/Textures/SM_ground_gravel_a_n.uasset" 482
"../../../../../../Users/s212301/Documents/GitHub/AceCombatSimulate/Content/PhotoR_Backgrounds/Textures/SM_ground_gravel_a_d.uasset" 483
"../../../../../../Users/s212301/Documents/GitHub/AceCombatSimulate/Content/PhotoR_Backgrounds/Textures/pr_background_mountain_a_SPLAT.uasset" 484
"../../../../../../Users/s212301/Documents/GitHub/AceCombatSimulate/Content/PhotoR_Backgrounds/Textures/pr_background_mountain_a_N.uasset" 485
"../../../../../../Users/s212301/Documents/GitHub/AceCombatSimulate/Content/PhotoR_Backgrounds/Textures/grass_summer_b_n.uasset" 486
"../../../../../../Users/s212301/Documents/GitHub/AceCombatSimulate/Content/PhotoR_Backgrounds/Textures/grass_summer_b_d.uasset" 487
"../../../../../../Users/s212301/Documents/GitHub/AceCombatSimulate/Content/PhotoR_Backgrounds/Textures/grass_summer_a_n.uasset" 488
"../../../../../../Users/s212301/Documents/GitHub/AceCombatSimulate/Content/PhotoR_Backgrounds/Textures/grass_summer_a_d.uasset" 489
"../../../Engine/Content/Functions/Engine_MaterialFunctions03/Blends/Blend_ColorBurn.uasset" 490
"../../../../../../Users/s212301/Documents/GitHub/AceCombatSimulate/Content/PhotoR_Backgrounds/Materials/Mountain_Fall/pr_background_mountain_a_M_fall.uasset" 491
"../../../../../../Users/s212301/Documents/GitHub/AceCombatSimulate/Content/PhotoR_Backgrounds/Meshes/Modular_Fall/Mountain_A/pr_background_mountain_a_2_fall.uasset" 492
"../../../../../../Users/s212301/Documents/GitHub/AceCombatSimulate/Content/PhotoR_Backgrounds/Textures/SM_grass_c_n.uasset" 493
"../../../../../../Users/s212301/Documents/GitHub/AceCombatSimulate/Content/PhotoR_Backgrounds/Textures/pr_background_mountain_d_SPLAT.uasset" 494
"../../../../../../Users/s212301/Documents/GitHub/AceCombatSimulate/Content/PhotoR_Backgrounds/Textures/pr_background_mountain_d_N.uasset" 495
"../../../../../../Users/s212301/Documents/GitHub/AceCombatSimulate/Content/PhotoR_Backgrounds/Textures/grass_spring_b_d.uasset" 496
"../../../../../../Users/s212301/Documents/GitHub/AceCombatSimulate/Content/PhotoR_Backgrounds/Textures/grass_spring_a_d.uasset" 497
"../../../../../../Users/s212301/Documents/GitHub/AceCombatSimulate/Content/PhotoR_Backgrounds/Textures/grass_fall_b_n.uasset" 498
"../../../../../../Users/s212301/Documents/GitHub/AceCombatSimulate/Content/PhotoR_Backgrounds/Materials/Mountain_Spring/pr_background_mountain_d_M_spring.uasset" 499
"../../../../../../Users/s212301/Documents/GitHub/AceCombatSimulate/Content/PhotoR_Backgrounds/Meshes/Modular_Spring/Mountain_D/pr_background_mountain_d_5_spring.uasset" 500
"../../../../../../Users/s212301/Documents/GitHub/AceCombatSimulate/Content/PhotoR_Backgrounds/Textures/pr_background_mountain_a_winter_Splat.uasset" 501
"../../../Engine/Content/Functions/Engine_MaterialFunctions03/Blends/Blend_Difference.uasset" 502
"../../../../../../Users/s212301/Documents/GitHub/AceCombatSimulate/Content/PhotoR_Backgrounds/Materials/Mountain_Winter/pr_background_mountain_a_M_winter.uasset" 503
"../../../../../../Users/s212301/Documents/GitHub/AceCombatSimulate/Content/PhotoR_Backgrounds/Meshes/Modular_Winter/Mountain_A/pr_background_mountain_a_4_winter.uasset" 504
"../../../../../../Users/s212301/Documents/GitHub/AceCombatSimulate/Content/WaterMaterials/Materials/MF_OceanWavesWPO.uasset" 505
"../../../../../../Users/s212301/Documents/GitHub/AceCombatSimulate/Content/WaterMaterials/Textures/T_Sand_N.uasset" 506
"../../../../../../Users/s212301/Documents/GitHub/AceCombatSimulate/Content/WaterMaterials/Textures/T_Sand.uasset" 507
"../../../../../../Users/s212301/Documents/GitHub/AceCombatSimulate/Content/WaterMaterials/Textures/T_Caustics.uasset" 508
"../../../../../../Users/s212301/Documents/GitHub/AceCombatSimulate/Content/WaterMaterials/Materials/M_Sand.uasset" 509
"../../../../../../Users/s212301/Documents/GitHub/AceCombatSimulate/Content/WaterMaterials/Meshes/SM_Island.uasset" 510
"../../../../../../Users/s212301/Documents/GitHub/AceCombatSimulate/Content/WaterMaterials/Materials/MF_RiverWavesWPO.uasset" 511
"../../../../../../Users/s212301/Documents/GitHub/AceCombatSimulate/Content/WaterMaterials/Textures/T_Riverbank_N.uasset" 512
"../../../../../../Users/s212301/Documents/GitHub/AceCombatSimulate/Content/WaterMaterials/Textures/T_Riverbank.uasset" 513
"../../../../../../Users/s212301/Documents/GitHub/AceCombatSimulate/Content/WaterMaterials/Materials/M_Riverbank.uasset" 514
"../../../../../../Users/s212301/Documents/GitHub/AceCombatSimulate/Content/WaterMaterials/Meshes/SM_LakeBank.uasset" 515
"../../../../../../Users/s212301/Documents/GitHub/AceCombatSimulate/Content/WaterMaterials/Textures/T_Noise_Stormy.uasset" 516
"../../../../../../Users/s212301/Documents/GitHub/AceCombatSimulate/Content/WaterMaterials/Textures/T_Water_EdgeNormals.uasset" 517
"../../../../../../Users/s212301/Documents/GitHub/AceCombatSimulate/Content/WaterMaterials/Materials/MF_FixedDepth.uasset" 518
"../../../../../../Users/s212301/Documents/GitHub/AceCombatSimulate/Content/WaterMaterials/Textures/T_Ocean_Foam.uasset" 519
"../../../../../../Users/s212301/Documents/GitHub/AceCombatSimulate/Content/WaterMaterials/Textures/T_Water_Normal_Large.uasset" 520
"../../../../../../Users/s212301/Documents/GitHub/AceCombatSimulate/Content/WaterMaterials/Materials/M_Rapids.uasset" 521
"../../../../../../Users/s212301/Documents/GitHub/AceCombatSimulate/Content/WaterMaterials/Meshes/SM_Rapids.uasset" 522
"../../../../../../Users/s212301/Documents/GitHub/AceCombatSimulate/Content/WaterMaterials/Materials/M_RapidsBank.uasset" 523
"../../../../../../Users/s212301/Documents/GitHub/AceCombatSimulate/Content/WaterMaterials/Meshes/SM_RapidsBank.uasset" 524
"../../../../../../Users/s212301/Documents/GitHub/AceCombatSimulate/Content/WaterMaterials/Textures/T_Waterfall_Foam.uasset" 525
"../../../../../../Users/s212301/Documents/GitHub/AceCombatSimulate/Content/WaterMaterials/Textures/T_Waterfall_Foam_Directional.uasset" 526
"../../../../../../Users/s212301/Documents/GitHub/AceCombatSimulate/Content/WaterMaterials/Materials/M_Waterfall.uasset" 527
"../../../../../../Users/s212301/Documents/GitHub/AceCombatSimulate/Content/WaterMaterials/Materials/MIC_Waterfall_Arc.uasset" 528
"../../../../../../Users/s212301/Documents/GitHub/AceCombatSimulate/Content/WaterMaterials/Meshes/SM_Waterfall_Arc.uasset" 529
"../../../../../../Users/s212301/Documents/GitHub/AceCombatSimulate/Content/WaterMaterials/Meshes/SM_Waterfall_Base.uasset" 530
"../../../../../../Users/s212301/Documents/GitHub/AceCombatSimulate/Content/WaterMaterials/Textures/T_Noises.uasset" 531
"../../../../../../Users/s212301/Documents/GitHub/AceCombatSimulate/Content/WaterMaterials/Materials/MF_OceanDepth_UVs.uasset" 532
"../../../../../../Users/s212301/Documents/GitHub/AceCombatSimulate/Content/WaterMaterials/Materials/MF_OceanWave_Motion.uasset" 533
"../../../../../../Users/s212301/Documents/GitHub/AceCombatSimulate/Content/WaterMaterials/Materials/MF_Foam_Motion.uasset" 534
"../../../../../../Users/s212301/Documents/GitHub/AceCombatSimulate/Content/WaterMaterials/Textures/T_SpecularHighlights.uasset" 535
"../../../../../../Users/s212301/Documents/GitHub/AceCombatSimulate/Content/WaterMaterials/Materials/MPC_Globals.uasset" 536
"../../../../../../Users/s212301/Documents/GitHub/AceCombatSimulate/Content/WaterMaterials/Materials/MF_FakeSpecular.uasset" 537
"../../../../../../Users/s212301/Documents/GitHub/AceCombatSimulate/Content/WaterMaterials/Textures/T_Cubemap.uasset" 538
"../../../../../../Users/s212301/Documents/GitHub/AceCombatSimulate/Content/WaterMaterials/Textures/T_Ocean_Waves_Shore_Normals.uasset" 539
"../../../../../../Users/s212301/Documents/GitHub/AceCombatSimulate/Content/WaterMaterials/Textures/T_Ocean_Waves_Shore.uasset" 540
"../../../../../../Users/s212301/Documents/GitHub/AceCombatSimulate/Content/WaterMaterials/Textures/T_Ocean_Waves02_Normals.uasset" 541
"../../../../../../Users/s212301/Documents/GitHub/AceCombatSimulate/Content/WaterMaterials/Textures/T_Ocean_Waves02.uasset" 542
"../../../../../../Users/s212301/Documents/GitHub/AceCombatSimulate/Content/WaterMaterials/Textures/T_Ocean_Waves01_Normals.uasset" 543
"../../../../../../Users/s212301/Documents/GitHub/AceCombatSimulate/Content/WaterMaterials/Textures/T_Ocean_Waves01.uasset" 544
"../../../../../../Users/s212301/Documents/GitHub/AceCombatSimulate/Content/WaterMaterials/Textures/T_Ocean_EdgeFoam.uasset" 545
"../../../../../../Users/s212301/Documents/GitHub/AceCombatSimulate/Content/WaterMaterials/Textures/T_Water_Normal.uasset" 546
"../../../Engine/Content/Functions/Engine_MaterialFunctions02/Utility/BreakOutFloat4Components.uasset" 547
"../../../Engine/Content/Functions/Engine_MaterialFunctions02/Utility/DebugFloat4Values.uasset" 548
"../../../Engine/Content/Functions/Engine_MaterialFunctions02/Utility/DebugFloat3Values.uasset" 549
"../../../Engine/Content/Functions/Engine_MaterialFunctions02/PassThrough.uasset" 550
"../../../Engine/Content/Functions/Engine_MaterialFunctions02/SafeNormalize.uasset" 551
"../../../Engine/Content/Functions/Engine_MaterialFunctions02/Normals/UnpackNormalFromFloat.uasset" 552
"../../../Engine/Content/Functions/Engine_MaterialFunctions02/ExampleContent/TextureBasedWPO/DemoBox_Normals.uasset" 553
"../../../Engine/Content/Functions/Engine_MaterialFunctions02/ExampleContent/TextureBasedWPO/DemoBox.uasset" 554
"../../../Engine/Content/Functions/Engine_MaterialFunctions02/ExampleContent/Greyscale.uasset" 555
"../../../Engine/Content/Functions/Engine_MaterialFunctions02/ExampleContent/Gradient.uasset" 556
"../../../Engine/Content/Functions/Engine_MaterialFunctions02/Gradients/GradientMap_Multi.uasset" 557
"../../../Engine/Content/Functions/Engine_MaterialFunctions02/Math/TimeWithSpeedVariable.uasset" 558
"../../../Engine/Content/Functions/Engine_MaterialFunctions02/MAXScripts/MS_VertexAnimationTools_MorphTargets.uasset" 559
"../../../../../../Users/s212301/Documents/GitHub/AceCombatSimulate/Content/WaterMaterials/Materials/M_Ocean.uasset" 560
"../../../../../../Users/s212301/Documents/GitHub/AceCombatSimulate/Content/WaterMaterials/Meshes/SM_Water_Plane.uasset" 561
"../../Plugins/2D/Paper2D/Content/PlaceholderTextures/DummySpriteTexture.uasset" 562
"../../Plugins/2D/Paper2D/Content/DummySprite.uasset" 563
"../../Plugins/2D/Paper2D/Content/DefaultPaperTerrainMaterial.uasset" 564
"../../Plugins/2D/Paper2D/Content/DefaultSpriteMaterial.uasset" 565
"../../Plugins/2D/Paper2D/Content/MaskedUnlitSpriteMaterial.uasset" 566
"../../Plugins/2D/Paper2D/Content/OpaqueUnlitSpriteMaterial.uasset" 567
"../../Plugins/FX/Niagara/Content/Enums/ENiagaraAnimTrailWidthMode.uasset" 568
"../../Plugins/FX/Niagara/Content/Enums/ENiagaraArraySamplingMode.uasset" 569
"../../Plugins/FX/Niagara/Content/Enums/ENiagaraBoneSamplingMode.uasset" 570
"../../Plugins/FX/Niagara/Content/Enums/ENiagaraBoneSocketSamplingMode.uasset" 571
"../../Plugins/FX/Niagara/Content/Enums/ENiagaraBooleanLogicOps.uasset" 572
"../../Plugins/FX/Niagara/Content/Enums/ENiagaraBooleanLogicOps_v2.uasset" 573
"../../Plugins/FX/Niagara/Content/Enums/ENiagaraCalculateRadiusOptions.uasset" 574
"../../Plugins/FX/Niagara/Content/Enums/ENiagaraChannelCorrelation.uasset" 575
"../../Plugins/FX/Niagara/Content/Enums/ENiagaraCollisionRadiusOptions.uasset" 576
"../../Plugins/FX/Niagara/Content/Enums/ENiagaraCoordinateSpace.uasset" 577
"../../Plugins/FX/Niagara/Content/Enums/ENiagaraCurlNoiseQuality.uasset" 578
"../../Plugins/FX/Niagara/Content/Enums/ENiagaraEmitterLifeCycleMode.uasset" 579
"../../Plugins/FX/Niagara/Content/Enums/ENiagaraEmitterScalabilityMode.uasset" 580
"../../Plugins/FX/Niagara/Content/Enums/ENiagaraEmitterScalabilityMode_Limited.uasset" 581
"../../Plugins/FX/Niagara/Content/Enums/ENiagaraExecutionStateManagement.uasset" 582
"../../Plugins/FX/Niagara/Content/Enums/ENiagaraExpansionMode.uasset" 583
"../../Plugins/FX/Niagara/Content/Enums/ENiagaraFrictionMergeType.uasset" 584
"../../Plugins/FX/Niagara/Content/Enums/ENiagaraGPUDepthResponseType.uasset" 585
"../../Plugins/FX/Niagara/Content/Enums/ENiagaraGridPlacementType.uasset" 586
"../../Plugins/FX/Niagara/Content/Enums/ENiagaraInactiveMode.uasset" 587
"../../Plugins/FX/Niagara/Content/Enums/ENiagaraKillVolumeOptions.uasset" 588
"../../Plugins/FX/Niagara/Content/Enums/ENiagaraLinearColor_Channels.uasset" 589
"../../Plugins/FX/Niagara/Content/Enums/ENiagaraMassByVolume.uasset" 590
"../../Plugins/FX/Niagara/Content/Enums/ENiagaraMassCalculationForRendererTypes.uasset" 591
"../../Plugins/FX/Niagara/Content/Enums/ENiagaraMeshOrSprite.uasset" 592
"../../Plugins/FX/Niagara/Content/Enums/ENiagaraMeshSamplingMode.uasset" 593
"../../Plugins/FX/Niagara/Content/Enums/ENiagaraMeshSurfaceSamplingMode.uasset" 594
"../../Plugins/FX/Niagara/Content/Enums/ENiagaraMeshTransforms.uasset" 595
"../../Plugins/FX/Niagara/Content/Enums/ENiagaraMinOrMax.uasset" 596
"../../Plugins/FX/Niagara/Content/Enums/ENiagaraNumericVariableTypes.uasset" 597
"../../Plugins/FX/Niagara/Content/Enums/ENiagaraOrientationAxis.uasset" 598
"../../Plugins/FX/Niagara/Content/Enums/ENiagaraQuaternionDerivationTechnique.uasset" 599
"../../Plugins/FX/Niagara/Content/Enums/ENiagaraRandomnessEvaluation.uasset" 600
"../../Plugins/FX/Niagara/Content/Enums/ENiagaraRandomnessMode.uasset" 601
"../../Plugins/FX/Niagara/Content/Enums/ENiagaraRestitutionMergeType.uasset" 602
"../../Plugins/FX/Niagara/Content/Enums/ENiagaraScaleColorMode.uasset" 603
"../../Plugins/FX/Niagara/Content/Enums/ENiagaraSimulationTarget.uasset" 604
"../../Plugins/FX/Niagara/Content/Enums/ENiagaraSkeletalSpawning.uasset" 605
"../../Plugins/FX/Niagara/Content/Enums/ENiagaraSkelSamplingFilteringMode.uasset" 606
"../../Plugins/FX/Niagara/Content/Enums/ENiagaraSkelSamplingModeFull.uasset" 607
"../../Plugins/FX/Niagara/Content/Enums/ENiagaraSocketSamplingMode.uasset" 608
"../../Plugins/FX/Niagara/Content/Enums/ENiagaraSphereDistributionMode.uasset" 609
"../../Plugins/FX/Niagara/Content/Enums/ENiagaraSUbUVAnimationMode.uasset" 610
"../../Plugins/FX/Niagara/Content/Enums/ENiagaraSystemInactiveMode.uasset" 611
"../../Plugins/FX/Niagara/Content/Enums/ENiagaraTorusDistributionMode.uasset" 612
"../../Plugins/FX/Niagara/Content/Enums/ENiagaraTorusMode.uasset" 613
"../../Plugins/FX/Niagara/Content/Enums/ENiagaraTriangleSamplingMode.uasset" 614
"../../Plugins/FX/Niagara/Content/Enums/ENiagaraVector2_Channels.uasset" 615
"../../Plugins/FX/Niagara/Content/Enums/ENiagaraVector3_Channels.uasset" 616
"../../Plugins/FX/Niagara/Content/Enums/ENiagaraVector4_Channels.uasset" 617
"../../Plugins/FX/Niagara/Content/Enums/ENiagaraVertexFilteringMode.uasset" 618
"../../Plugins/FX/Niagara/Content/Enums/ENiagaraVertexSamplingMode.uasset" 619
"../../Plugins/FX/Niagara/Content/Enums/ENiagara_AudioParamType.uasset" 620
"../../Plugins/FX/Niagara/Content/Enums/ENiagara_BankOnTurns.uasset" 621
"../../Plugins/FX/Niagara/Content/Enums/ENiagara_CameraMeshOrientation.uasset" 622
"../../Plugins/FX/Niagara/Content/Enums/ENiagara_CameraProperties.uasset" 623
"../../Plugins/FX/Niagara/Content/Enums/ENiagara_CollisionType.uasset" 624
"../../Plugins/FX/Niagara/Content/Enums/ENiagara_ColorInitializationMode.uasset" 625
"../../Plugins/FX/Niagara/Content/Enums/ENiagara_CPUCollisionType.uasset" 626
"../../Plugins/FX/Niagara/Content/Enums/ENiagara_DirectReadApplicationMode.uasset" 627
"../../Plugins/FX/Niagara/Content/Enums/ENiagara_DirectReadParticleIDSampling.uasset" 628
"../../Plugins/FX/Niagara/Content/Enums/ENiagara_DirectReadSamplingMode.uasset" 629
"../../Plugins/FX/Niagara/Content/Enums/ENiagara_EmitterLocSamplingMode.uasset" 630
"../../Plugins/FX/Niagara/Content/Enums/ENiagara_EmitterStateOptions.uasset" 631
"../../Plugins/FX/Niagara/Content/Enums/ENiagara_FadeOperationType.uasset" 632
"../../Plugins/FX/Niagara/Content/Enums/ENiagara_Float4Channel.uasset" 633
"../../Plugins/FX/Niagara/Content/Enums/ENiagara_GPUCollisionType.uasset" 634
"../../Plugins/FX/Niagara/Content/Enums/ENiagara_IDAttributes.uasset" 635
"../../Plugins/FX/Niagara/Content/Enums/ENiagara_InfiniteLoopDuration.uasset" 636
"../../Plugins/FX/Niagara/Content/Enums/ENiagara_LifetimeInheritanceOptions.uasset" 637
"../../Plugins/FX/Niagara/Content/Enums/ENiagara_LifetimeMode.uasset" 638
"../../Plugins/FX/Niagara/Content/Enums/ENiagara_MassInitializationMode.uasset" 639
"../../Plugins/FX/Niagara/Content/Enums/ENiagara_MultipleLerpCount.uasset" 640
"../../Plugins/FX/Niagara/Content/Enums/ENiagara_PositionInitializationMode.uasset" 641
"../../Plugins/FX/Niagara/Content/Enums/ENiagara_RotationDefinitionApproach.uasset" 642
"../../Plugins/FX/Niagara/Content/Enums/ENiagara_SizeScaleMode.uasset" 643
"../../Plugins/FX/Niagara/Content/Enums/ENiagara_SpawnBurstMode.uasset" 644
"../../Plugins/FX/Niagara/Content/Enums/ENiagara_SpriteRotationMode.uasset" 645
"../../Plugins/FX/Niagara/Content/Enums/ENiagara_SubUVLookupMode.uasset" 646
"../../Plugins/FX/Niagara/Content/Enums/ENiagara_TransformBaseOptions.uasset" 647
"../../Plugins/FX/Niagara/Content/Enums/ENiagara_TransformMode.uasset" 648
"../../Plugins/FX/Niagara/Content/Enums/ENiagara_TransformOrientationMode.uasset" 649
"../../Plugins/FX/Niagara/Content/Enums/ENiagara_UVFlippingMode.uasset" 650
"../../Plugins/FX/Niagara/Content/Enums/Niagara_Units.uasset" 651
"../../Plugins/FX/Niagara/Content/Enums/CascadeConversion/ECascadeNiagaraOrbitChainMode.uasset" 652
"../../Plugins/FX/Niagara/Content/Enums/CascadeConversion/ECascadeNiagaraTwoVectorChannels.uasset" 653
"../../Plugins/FX/Niagara/Content/Icons/S_ParticleSystem.uasset" 654
"../../../Engine/Content/BasicShapes/Cylinder.uasset" 655
"../../../Engine/Content/ArtTools/RenderToTexture/Materials/Debug/M_Emissive_Color.uasset" 656
"../../Plugins/Lumin/MagicLeapPassableWorld/Content/MagicLeapARPinInfoActor.uasset" 657
"../../Plugins/Editor/SpeedTreeImporter/Content/SpeedTree9/UnpackInteger3.uasset" 658
"../../Plugins/Editor/SpeedTreeImporter/Content/SpeedTree9/UnpackDirection.uasset" 659
"../../Plugins/Editor/SpeedTreeImporter/Content/SpeedTree9/game_wind_noise.uasset" 660
"../../Plugins/Editor/SpeedTreeImporter/Content/SpeedTree9/SpeedTreeWindMotion.uasset" 661
"../../Plugins/Editor/SpeedTreeImporter/Content/SpeedTree9/SpeedTreeBranchMotion.uasset" 662
"../../../Engine/Content/Functions/Engine_MaterialFunctions02/ObjectLocalBounds.uasset" 663
"../../../Engine/Content/Functions/Engine_MaterialFunctions02/UVs/BoundingBoxBased_0-1_UVW.uasset" 664
"../../Plugins/Editor/SpeedTreeImporter/Content/SpeedTree9/SpeedTreeWind.uasset" 665
"../../Plugins/Editor/SpeedTreeImporter/Content/SpeedTree9/SpeedTreeBillboard.uasset" 666
"../../../Engine/Content/EngineResources/DefaultTexture.uasset" 667
"../../Plugins/Editor/SpeedTreeImporter/Content/SpeedTree9/SpeedTreeBillboardMaster.uasset" 668
"../../Plugins/Editor/SpeedTreeImporter/Content/SpeedTree9/SpeedTreeCameraFacing.uasset" 669
"../../Plugins/Editor/SpeedTreeImporter/Content/SpeedTree9/SpeedTreeMaster.uasset" 670
"../../Plugins/Runtime/Oculus/OculusVR/Content/Materials/OculusMR_ChromaKey.uasset" 671
"../../Plugins/Runtime/Oculus/OculusVR/Content/Materials/OculusMR_OpaqueColoredMaterial.uasset" 672
"../../Plugins/Runtime/Oculus/OculusVR/Content/Materials/PokeAHoleMaterial.uasset" 673
"../../../Engine/Content/Maps/Entry_BuiltData.uasset" 674
"../../../Engine/Content/Maps/Entry.umap" 675
"../../../../../../Users/s212301/Documents/GitHub/AceCombatSimulate/Content/PhotoR_Backgrounds/Textures/pr_background_mountain_c_winter_SPLAT.uasset" 676
"../../../../../../Users/s212301/Documents/GitHub/AceCombatSimulate/Content/PhotoR_Backgrounds/Textures/pr_background_mountain_c_N.uasset" 677
"../../../../../../Users/s212301/Documents/GitHub/AceCombatSimulate/Content/PhotoR_Backgrounds/Materials/Mountain_Winter/pr_background_mountain_c_M_winter.uasset" 678
"../../../../../../Users/s212301/Documents/GitHub/AceCombatSimulate/Content/PhotoR_Backgrounds/Meshes/Modular_Winter/Mountain_C/pr_background_mountain_c_3_winter.uasset" 679
"../../../../../../Users/s212301/Documents/GitHub/AceCombatSimulate/Content/PhotoR_Backgrounds/Meshes/Modular_Winter/Mountain_C/pr_background_mountain_c_1_winter.uasset" 680
"../../../../../../Users/s212301/Documents/GitHub/AceCombatSimulate/Content/PhotoR_Backgrounds/Meshes/Modular_Winter/Mountain_A/pr_background_mountain_a_3_winter.uasset" 681
"../../../../../../Users/s212301/Documents/GitHub/AceCombatSimulate/Content/PhotoR_Backgrounds/Meshes/Modular_Winter/Mountain_A/pr_background_mountain_a_1_winter.uasset" 682
"../../../../../../Users/s212301/Documents/GitHub/AceCombatSimulate/Content/PhotoR_Backgrounds/Textures/pr_background_mountain_b_SPLAT.uasset" 683
"../../../../../../Users/s212301/Documents/GitHub/AceCombatSimulate/Content/PhotoR_Backgrounds/Materials/Mountain_Spring/pr_background_mountain_b_M_spring.uasset" 684
"../../../../../../Users/s212301/Documents/GitHub/AceCombatSimulate/Content/PhotoR_Backgrounds/Meshes/Modular_Spring/Mountain_A/pr_background_mountain_a_5_spring.uasset" 685
"../../../../../../Users/s212301/Documents/GitHub/AceCombatSimulate/Content/PhotoR_Backgrounds/Materials/Mountain_Spring/pr_background_mountain_a_M_spring.uasset" 686
"../../../../../../Users/s212301/Documents/GitHub/AceCombatSimulate/Content/PhotoR_Backgrounds/Meshes/Modular_Spring/Mountain_A/pr_background_mountain_a_2_spring.uasset" 687
"../../../../../../Users/s212301/Documents/GitHub/AceCombatSimulate/Content/PhotoR_Backgrounds/Textures/SM_grass_c_d.uasset" 688
"../../../../../../Users/s212301/Documents/GitHub/AceCombatSimulate/Content/PhotoR_Backgrounds/Textures/grass_fall_a_n.uasset" 689
"../../../../../../Users/s212301/Documents/GitHub/AceCombatSimulate/Content/PhotoR_Backgrounds/Textures/grass_fall_a_d.uasset" 690
"../../../../../../Users/s212301/Documents/GitHub/AceCombatSimulate/Content/PhotoR_Backgrounds/Materials/Mountain_Summer/pr_background_mountain_d_M_summer.uasset" 691
"../../../../../../Users/s212301/Documents/GitHub/AceCombatSimulate/Content/PhotoR_Backgrounds/Meshes/Modular_Summer/Mountain_D/pr_background_mountain_d_7_summer.uasset" 692
"../../../../../../Users/s212301/Documents/GitHub/AceCombatSimulate/Content/PhotoR_Backgrounds/Materials/Mountain_Summer/pr_background_mountain_a_M_summer.uasset" 693
"../../../../../../Users/s212301/Documents/GitHub/AceCombatSimulate/Content/PhotoR_Backgrounds/Meshes/Modular_Summer/Mountain_A/pr_background_mountain_a_5_summer.uasset" 694
"../../../../../../Users/s212301/Documents/GitHub/AceCombatSimulate/Content/PhotoR_Backgrounds/Meshes/Modular_Summer/Mountain_A/pr_background_mountain_a_4_summer.uasset" 695
"../../../../../../Users/s212301/Documents/GitHub/AceCombatSimulate/Content/PhotoR_Backgrounds/Meshes/Modular_Summer/Mountain_A/pr_background_mountain_a_3_summer.uasset" 696
"../../../../../../Users/s212301/Documents/GitHub/AceCombatSimulate/Content/PhotoR_Backgrounds/Meshes/Modular_Summer/Mountain_A/pr_background_mountain_a_2_summer.uasset" 697
"../../../../../../Users/s212301/Documents/GitHub/AceCombatSimulate/Content/PhotoR_Backgrounds/Meshes/Modular_Summer/Mountain_A/pr_background_mountain_a_1_summer.uasset" 698
"../../../../../../Users/s212301/Documents/GitHub/AceCombatSimulate/Content/PhotoR_Backgrounds/Textures/Mobile/Mountain_a_Summer.uasset" 699
"../../../../../../Users/s212301/Documents/GitHub/AceCombatSimulate/Content/PhotoR_Backgrounds/Materials/Mobile/Mobile_mountain_a_M_summer.uasset" 700
"../../../../../../Users/s212301/Documents/GitHub/AceCombatSimulate/Content/PhotoR_Backgrounds/Meshes/360d_Horizon/Mountain_a_low/PR_background_A_W2_LOW.uasset" 701
"../../../../../../Users/s212301/Documents/GitHub/AceCombatSimulate/Content/PhotoR_Backgrounds/Meshes/360d_Horizon/Mountain_a_low/PR_background_A_W1_LOW.uasset" 702
"../../../../../../Users/s212301/Documents/GitHub/AceCombatSimulate/Content/PhotoR_Backgrounds/Meshes/360d_Horizon/Mountain_a_low/PR_background_A_S2_LOW.uasset" 703
"../../../../../../Users/s212301/Documents/GitHub/AceCombatSimulate/Content/PhotoR_Backgrounds/Meshes/360d_Horizon/Mountain_a_low/PR_background_A_S1_LOW.uasset" 704
"../../../../../../Users/s212301/Documents/GitHub/AceCombatSimulate/Content/PhotoR_Backgrounds/Meshes/360d_Horizon/Mountain_a_low/PR_background_A_N2_LOW.uasset" 705
"../../../../../../Users/s212301/Documents/GitHub/AceCombatSimulate/Content/PhotoR_Backgrounds/Meshes/360d_Horizon/Mountain_a_low/PR_background_A_N1_LOW.uasset" 706
"../../../../../../Users/s212301/Documents/GitHub/AceCombatSimulate/Content/PhotoR_Backgrounds/Meshes/360d_Horizon/Mountain_a_low/PR_background_A_E2_LOW.uasset" 707
"../../../../../../Users/s212301/Documents/GitHub/AceCombatSimulate/Content/PhotoR_Backgrounds/Meshes/360d_Horizon/Mountain_a_low/PR_background_A_E1_LOW.uasset" 708
"../../../../../../Users/s212301/Documents/GitHub/AceCombatSimulate/Content/MyContent/Texture/frame.uasset" 709
"../../../Engine/Content/Functions/Engine_MaterialFunctions01/Gradient/RadialGradient.uasset" 710
"../../../../../../Users/s212301/Documents/GitHub/AceCombatSimulate/Content/StarterContent/Particles/Materials/M_Radial_Gradient.uasset" 711
"../../../../../../Users/s212301/Documents/GitHub/AceCombatSimulate/Content/VigilanteContent/Vehicles/West_Fighter_F18C/Materials/Textures/T_West_Fighter_F18C_N.uasset" 712
"../../../../../../Users/s212301/Documents/GitHub/AceCombatSimulate/Content/VigilanteContent/Vehicles/West_Fighter_F18C/Materials/Textures/T_West_Fighter_F18C_E.uasset" 713
"../../../../../../Users/s212301/Documents/GitHub/AceCombatSimulate/Content/VigilanteContent/Vehicles/West_Fighter_F18C/Materials/Textures/T_West_Fighter_F18C_D.uasset" 714
"../../../../../../Users/s212301/Documents/GitHub/AceCombatSimulate/Content/VigilanteContent/Vehicles/West_Fighter_F18C/Materials/Textures/T_West_Fighter_F18C_ARM.uasset" 715
"../../../../../../Users/s212301/Documents/GitHub/AceCombatSimulate/Content/VigilanteContent/Vehicles/West_Fighter_F18C/Materials/M_West_Fighter_F18C_Main.uasset" 716
"../../../../../../Users/s212301/Documents/GitHub/AceCombatSimulate/Content/VigilanteContent/Vehicles/West_Fighter_F18C/Materials/Textures/T_West_Fighter_F18C_Glass_D.uasset" 717
"../../../../../../Users/s212301/Documents/GitHub/AceCombatSimulate/Content/VigilanteContent/Vehicles/West_Fighter_F18C/Materials/Textures/T_West_Fighter_F18C_Glass_ARM.uasset" 718
"../../../../../../Users/s212301/Documents/GitHub/AceCombatSimulate/Content/VigilanteContent/Vehicles/West_Fighter_F18C/Materials/M_West_Fighter_F18C_Glass.uasset" 719
"../../../../../../Users/s212301/Documents/GitHub/AceCombatSimulate/Content/VigilanteContent/Vehicles/West_Fighter_F18C/LOD_West_Fighter_F18C.uasset" 720
"../../../../../../Users/s212301/Documents/GitHub/AceCombatSimulate/Content/VigilanteContent/Vehicles/West_Fighter_F18C/SKEL_West_Fighter_F18C.uasset" 721
"../../../../../../Users/s212301/Documents/GitHub/AceCombatSimulate/Content/VigilanteContent/Vehicles/West_Fighter_F18C/SK_West_Fighter_F18C.uasset" 722
"../../../../../../Users/s212301/Documents/GitHub/AceCombatSimulate/Content/Flying/Meshes/BaseMaterial.uasset" 723
"../../../../../../Users/s212301/Documents/GitHub/AceCombatSimulate/Content/Flying/Meshes/UFOMaterial.uasset" 724
"../../../../../../Users/s212301/Documents/GitHub/AceCombatSimulate/Content/Flying/Meshes/UFO.uasset" 725
"../../../../../../Users/s212301/Documents/GitHub/AceCombatSimulate/Content/FlyingBP/Blueprints/FlyingPawn.uasset" 726
"../../../../../../Users/s212301/Documents/GitHub/AceCombatSimulate/Content/MyContent/BluePrint/aceCombatGameMode.uasset" 727
"../../../../../../Users/s212301/Documents/GitHub/AceCombatSimulate/Content/MyContent/UI/W_Play.uasset" 728
"../../../../../../Users/s212301/Documents/GitHub/AceCombatSimulate/Content/MyContent/MAP/acecombat_BuiltData.uasset" 729
"../../../Engine/Content/EngineSky/T_Sky_Stars.uasset" 730
"../../../Engine/Content/EngineSky/T_Sky_Clouds_M.uasset" 731
"../../../Engine/Content/EngineSky/T_Sky_Blue.uasset" 732
"../../../Engine/Content/EngineSky/M_Sky_Panning_Clouds2.uasset" 733
"../../../Engine/Content/EngineSky/SM_SkySphere.uasset" 734
"../../../Engine/Content/EngineSky/C_Sky_Zenith_Color.uasset" 735
"../../../Engine/Content/EngineSky/C_Sky_Horizon_Color.uasset" 736
"../../../Engine/Content/EngineSky/C_Sky_Cloud_Color.uasset" 737
"../../../Engine/Content/EngineSky/BP_Sky_Sphere.uasset" 738
"../../../../../../Users/s212301/Documents/GitHub/AceCombatSimulate/Content/MyContent/MAP/acecombat.umap" 739
